This is pdfTeX, Version 3.1415926-2.5-1.40.14 (TeX Live 2013/Debian) (format=latex 2015.8.11)  8 DEC 2015 15:37
entering extended mode
 restricted \write18 enabled.
 %&-line parsing enabled.
**cv_temp.tex
(./cv_temp.tex
LaTeX2e <2011/06/27>
Babel <3.9h> and hyphenation patterns for 2 languages loaded.
(/usr/share/texlive/texmf-dist/tex/latex/base/article.cls
Document Class: article 2007/10/19 v1.4h Standard LaTeX document class
(/usr/share/texlive/texmf-dist/tex/latex/base/size11.clo
File: size11.clo 2007/10/19 v1.4h Standard LaTeX file (size option)
)
\c@part=\count79
\c@section=\count80
\c@subsection=\count81
\c@subsubsection=\count82
\c@paragraph=\count83
\c@subparagraph=\count84
\c@figure=\count85
\c@table=\count86
\abovecaptionskip=\skip41
\belowcaptionskip=\skip42
\bibindent=\dimen102
)
\outerbordwidth=\skip43

(/usr/share/texmf/tex/latex/xcolor/xcolor.sty
Package: xcolor 2007/01/21 v2.11 LaTeX color extensions (UK)

(/usr/share/texlive/texmf-dist/tex/latex/latexconfig/color.cfg
File: color.cfg 2007/01/18 v1.5 color configuration of teTeX/TeXLive
)
Package xcolor Info: Driver file: dvips.def on input line 225.

(/usr/share/texlive/texmf-dist/tex/latex/graphics/dvips.def
File: dvips.def 1999/02/16 v3.0i Driver-dependant file (DPC,SPQR)
)
Package xcolor Info: Model `cmy' substituted by `cmy0' on input line 1337.
Package xcolor Info: Model `RGB' extended on input line 1353.
Package xcolor Info: Model `HTML' substituted by `rgb' on input line 1355.
Package xcolor Info: Model `Hsb' substituted by `hsb' on input line 1356.
Package xcolor Info: Model `tHsb' substituted by `hsb' on input line 1357.
Package xcolor Info: Model `HSB' substituted by `hsb' on input line 1358.
Package xcolor Info: Model `Gray' substituted by `gray' on input line 1359.
Package xcolor Info: Model `wave' substituted by `hsb' on input line 1360.

(/usr/share/texmf/tex/latex/xcolor/svgnam.def
File: svgnam.def 2007/01/21 v2.11 Predefined colors according to SVG 1.1 (UK)
))
(/usr/share/texlive/texmf-dist/tex/latex/framed/framed.sty
Package: framed 2011/10/22 v 0.96: framed or shaded text with page breaks
\OuterFrameSep=\skip44
\fb@frw=\dimen103
\fb@frh=\dimen104
\FrameRule=\dimen105
\FrameSep=\dimen106
)
(/usr/share/texlive/texmf-dist/tex/latex/tocloft/tocloft.sty
Package: tocloft 2013/05/02 v2.3f parameterised ToC, etc., typesetting
Package tocloft Info: The document has section divisions on input line 44.
\cftparskip=\skip45
\cftbeforetoctitleskip=\skip46
\cftaftertoctitleskip=\skip47
\cftbeforepartskip=\skip48
\cftpartnumwidth=\skip49
\cftpartindent=\skip50
\cftbeforesecskip=\skip51
\cftsecindent=\skip52
\cftsecnumwidth=\skip53
\cftbeforesubsecskip=\skip54
\cftsubsecindent=\skip55
\cftsubsecnumwidth=\skip56
\cftbeforesubsubsecskip=\skip57
\cftsubsubsecindent=\skip58
\cftsubsubsecnumwidth=\skip59
\cftbeforeparaskip=\skip60
\cftparaindent=\skip61
\cftparanumwidth=\skip62
\cftbeforesubparaskip=\skip63
\cftsubparaindent=\skip64
\cftsubparanumwidth=\skip65
\cftbeforeloftitleskip=\skip66
\cftafterloftitleskip=\skip67
\cftbeforefigskip=\skip68
\cftfigindent=\skip69
\cftfignumwidth=\skip70
\c@lofdepth=\count87
\c@lotdepth=\count88
\cftbeforelottitleskip=\skip71
\cftafterlottitleskip=\skip72
\cftbeforetabskip=\skip73
\cfttabindent=\skip74
\cfttabnumwidth=\skip75
)
(/usr/share/texlive/texmf-dist/tex/latex/etoolbox/etoolbox.sty
Package: etoolbox 2011/01/03 v2.1 e-TeX tools for LaTeX

(/usr/share/texlive/texmf-dist/tex/latex/etex-pkg/etex.sty
Package: etex 1998/03/26 v2.0 eTeX basic definition package (PEB)
\et@xins=\count89
)
\etb@tempcnta=\count90
) (./cv_temp.aux)
\openout1 = `cv_temp.aux'.

LaTeX Font Info:    Checking defaults for OML/cmm/m/it on input line 62.
LaTeX Font Info:    ... okay on input line 62.
LaTeX Font Info:    Checking defaults for T1/cmr/m/n on input line 62.
LaTeX Font Info:    ... okay on input line 62.
LaTeX Font Info:    Checking defaults for OT1/cmr/m/n on input line 62.
LaTeX Font Info:    ... okay on input line 62.
LaTeX Font Info:    Checking defaults for OMS/cmsy/m/n on input line 62.
LaTeX Font Info:    ... okay on input line 62.
LaTeX Font Info:    Checking defaults for OMX/cmex/m/n on input line 62.
LaTeX Font Info:    ... okay on input line 62.
LaTeX Font Info:    Checking defaults for U/cmr/m/n on input line 62.
LaTeX Font Info:    ... okay on input line 62.
LaTeX Font Info:    External font `cmex10' loaded for size
(Font)              <10.95> on input line 64.
LaTeX Font Info:    External font `cmex10' loaded for size
(Font)              <8> on input line 64.
LaTeX Font Info:    External font `cmex10' loaded for size
(Font)              <6> on input line 64.
LaTeX Font Info:    Try loading font information for OMS+cmr on input line 77.

(/usr/share/texlive/texmf-dist/tex/latex/base/omscmr.fd
File: omscmr.fd 1999/05/25 v2.5h Standard LaTeX font definitions
)
LaTeX Font Info:    Font shape `OMS/cmr/m/n' in size <10.95> not available
(Font)              Font shape `OMS/cmsy/m/n' tried instead on input line 77.
 [1

] [2] (./cv_temp.aux) ) 
Here is how much of TeX's memory you used:
 1628 strings out of 495029
 20405 string characters out of 6181523
 92226 words of memory out of 5000000
 4881 multiletter control sequences out of 15000+600000
 7928 words of font info for 28 fonts, out of 8000000 for 9000
 14 hyphenation exceptions out of 8191
 26i,10n,35p,793b,195s stack positions out of 5000i,500n,10000p,200000b,80000s

Output written on cv_temp.dvi (2 pages, 8496 bytes).
